app/build/intermediates/manifest_merge_blame_file/openDebug/processOpenDebugMainManifest/manifest-merger-blame-open-debug-report.txt
1<?xml version="1.0" encoding="utf-8"?>
2<manifest xmlns:android="http://schemas.android.com/apk/res/android"
3    package="com.nsomatrix.neutron.debug"
4    android:installLocation="auto"
5    android:versionCode="101"
6    android:versionName="1.8.2-open" >
7
8    <uses-sdk
8-->src/main/AndroidManifest.xml:23:5-68
9        android:minSdkVersion="16"
10        android:targetSdkVersion="34" />
11
12    <uses-permission android:name="android.permission.CAMERA" />
12-->src/main/AndroidManifest.xml:6:5-65
12-->src/main/AndroidManifest.xml:6:22-62
13    <uses-permission android:name="android.permission.POST_NOTIFICATIONS" />
13-->src/main/AndroidManifest.xml:7:5-77
13-->src/main/AndroidManifest.xml:7:22-74
14    <uses-permission android:name="android.permission.RECORD_AUDIO" />
14-->src/main/AndroidManifest.xml:8:5-71
14-->src/main/AndroidManifest.xml:8:22-68
15    <uses-permission android:name="android.permission.VIBRATE" />
15-->src/main/AndroidManifest.xml:9:5-66
15-->src/main/AndroidManifest.xml:9:22-63
16    <uses-permission android:name="android.permission.WRITE_EXTERNAL_STORAGE" />
16-->src/main/AndroidManifest.xml:10:5-81
16-->src/main/AndroidManifest.xml:10:22-78
17    <uses-permission android:name="android.permission.ACCESS_COARSE_LOCATION" />
17-->src/main/AndroidManifest.xml:11:5-81
17-->src/main/AndroidManifest.xml:11:22-78
18    <uses-permission android:name="android.permission.ACCESS_FINE_LOCATION" />
18-->src/main/AndroidManifest.xml:12:5-79
18-->src/main/AndroidManifest.xml:12:22-76
19    <uses-permission android:name="android.permission.INTERNET" />
19-->src/main/AndroidManifest.xml:13:5-67
19-->src/main/AndroidManifest.xml:13:22-64
20    <uses-permission android:name="android.permission.BLUETOOTH" />
20-->src/main/AndroidManifest.xml:14:5-68
20-->src/main/AndroidManifest.xml:14:22-65
21    <uses-permission android:name="android.permission.BLUETOOTH_ADMIN" />
21-->src/main/AndroidManifest.xml:15:5-74
21-->src/main/AndroidManifest.xml:15:22-71
22    <uses-permission android:name="android.permission.BLUETOOTH_ADVERTISE" />
22-->src/main/AndroidManifest.xml:16:5-78
22-->src/main/AndroidManifest.xml:16:22-75
23    <uses-permission android:name="android.permission.BLUETOOTH_CONNECT" />
23-->src/main/AndroidManifest.xml:17:5-76
23-->src/main/AndroidManifest.xml:17:22-73
24    <uses-permission
24-->src/main/AndroidManifest.xml:18:5-20:31
25        android:name="android.permission.BLUETOOTH_SCAN"
25-->src/main/AndroidManifest.xml:18:22-70
26        android:usesPermissionFlags="neverForLocation" />
26-->src/main/AndroidManifest.xml:19:9-55
27    <uses-permission android:name="com.android.launcher.permission.INSTALL_SHORTCUT" />
27-->src/main/AndroidManifest.xml:21:5-88
27-->src/main/AndroidManifest.xml:21:22-85
28
29    <uses-feature
29-->src/main/AndroidManifest.xml:25:5-89
30        android:name="android.hardware.microphone"
30-->src/main/AndroidManifest.xml:25:19-61
31        android:required="false" />
31-->src/main/AndroidManifest.xml:25:62-86
32    <uses-feature
32-->src/main/AndroidManifest.xml:26:5-88
33        android:name="android.hardware.bluetooth"
33-->src/main/AndroidManifest.xml:26:19-60
34        android:required="false" />
34-->src/main/AndroidManifest.xml:26:61-85
35    <uses-feature
35-->src/main/AndroidManifest.xml:27:5-87
36        android:name="android.hardware.location"
36-->src/main/AndroidManifest.xml:27:19-59
37        android:required="false" />
37-->src/main/AndroidManifest.xml:27:60-84
38    <uses-feature
38-->src/main/AndroidManifest.xml:28:5-85
39        android:name="android.hardware.camera"
39-->src/main/AndroidManifest.xml:28:19-57
40        android:required="false" />
40-->src/main/AndroidManifest.xml:28:58-82
41
42    <permission
42-->[androidx.core:core:1.9.0] AndroidManifest.xml:22:5-24:47
43        android:name="com.nsomatrix.neutron.debug.DYNAMIC_RECEIVER_NOT_EXPORTED_PERMISSION"
43-->[androidx.core:core:1.9.0] AndroidManifest.xml:23:9-81
44        android:protectionLevel="signature" />
44-->[androidx.core:core:1.9.0] AndroidManifest.xml:24:9-44
45
46    <uses-permission android:name="com.nsomatrix.neutron.debug.DYNAMIC_RECEIVER_NOT_EXPORTED_PERMISSION" />
46-->[androidx.core:core:1.9.0] AndroidManifest.xml:26:5-97
46-->[androidx.core:core:1.9.0] AndroidManifest.xml:26:22-94
47
48    <application
48-->src/main/AndroidManifest.xml:30:5-165:19
49        android:name="com.nsomatrix.neutron.EmulatorApplication"
49-->src/main/AndroidManifest.xml:31:9-44
50        android:allowBackup="false"
50-->src/main/AndroidManifest.xml:32:9-36
51        android:appCategory="game"
51-->src/main/AndroidManifest.xml:33:9-35
52        android:appComponentFactory="androidx.core.app.CoreComponentFactory"
52-->[androidx.core:core:1.9.0] AndroidManifest.xml:28:18-86
53        android:debuggable="true"
54        android:extractNativeLibs="true"
55        android:hasFragileUserData="true"
55-->src/main/AndroidManifest.xml:34:9-42
56        android:icon="@mipmap/ic_launcher"
56-->src/main/AndroidManifest.xml:35:9-43
57        android:label="@string/app_name"
57-->src/main/AndroidManifest.xml:36:9-41
58        android:largeHeap="true"
58-->src/main/AndroidManifest.xml:37:9-33
59        android:preserveLegacyExternalStorage="true"
59-->src/main/AndroidManifest.xml:38:9-53
60        android:requestLegacyExternalStorage="true"
60-->src/main/AndroidManifest.xml:39:9-52
61        android:roundIcon="@mipmap/ic_launcher"
61-->src/main/AndroidManifest.xml:40:9-48
62        android:supportsRtl="true"
62-->src/main/AndroidManifest.xml:41:9-35
63        android:theme="@style/AppTheme"
63-->src/main/AndroidManifest.xml:42:9-40
64        android:usesCleartextTraffic="true" >
64-->src/main/AndroidManifest.xml:43:9-44
65        <activity
65-->src/main/AndroidManifest.xml:121:9-126:41
66            android:name="javax.microedition.shell.MicroActivity"
66-->src/main/AndroidManifest.xml:122:13-66
67            android:configChanges="orientation|screenSize|keyboardHidden|screenLayout|smallestScreenSize|uiMode"
67-->src/main/AndroidManifest.xml:125:13-113
68            android:exported="false"
68-->src/main/AndroidManifest.xml:123:13-37
69            android:theme="@style/AppTheme.NoActionBar" />
69-->src/main/AndroidManifest.xml:124:13-56
70        <activity
70-->src/main/AndroidManifest.xml:46:9-116:20
71            android:name="com.nsomatrix.neutron.MainActivity"
71-->src/main/AndroidManifest.xml:47:13-41
72            android:configChanges="orientation|screenSize|screenLayout|smallestScreenSize"
72-->src/main/AndroidManifest.xml:48:13-91
73            android:exported="true"
73-->src/main/AndroidManifest.xml:49:13-36
74            android:launchMode="singleTask" >
74-->src/main/AndroidManifest.xml:50:13-44
75            <intent-filter>
75-->src/main/AndroidManifest.xml:51:13-55:29
76                <action android:name="android.intent.action.MAIN" />
76-->src/main/AndroidManifest.xml:52:17-69
76-->src/main/AndroidManifest.xml:52:25-66
77
78                <category android:name="android.intent.category.LAUNCHER" />
78-->src/main/AndroidManifest.xml:54:17-77
78-->src/main/AndroidManifest.xml:54:27-74
79            </intent-filter>
80            <intent-filter>
80-->src/main/AndroidManifest.xml:56:13-69:29
81                <action android:name="android.intent.action.VIEW" />
81-->src/main/AndroidManifest.xml:57:17-69
81-->src/main/AndroidManifest.xml:57:25-66
82
83                <category android:name="android.intent.category.DEFAULT" />
83-->src/main/AndroidManifest.xml:59:17-76
83-->src/main/AndroidManifest.xml:59:27-73
84                <category android:name="android.intent.category.BROWSABLE" />
84-->src/main/AndroidManifest.xml:60:17-78
84-->src/main/AndroidManifest.xml:60:27-75
85
86                <data android:mimeType="application/java" />
86-->src/main/AndroidManifest.xml:62:17-61
86-->src/main/AndroidManifest.xml:62:23-58
87                <data android:mimeType="application/java-archive" />
87-->src/main/AndroidManifest.xml:62:17-61
87-->src/main/AndroidManifest.xml:62:23-58
88                <data android:mimeType="application/x-java-archive" />
88-->src/main/AndroidManifest.xml:62:17-61
88-->src/main/AndroidManifest.xml:62:23-58
89                <data android:mimeType="text/vnd.sun.j2me.app-descriptor" />
89-->src/main/AndroidManifest.xml:62:17-61
89-->src/main/AndroidManifest.xml:62:23-58
90                <data android:host="*" />
90-->src/main/AndroidManifest.xml:62:17-61
91                <data android:scheme="file" />
91-->src/main/AndroidManifest.xml:62:17-61
92                <data android:scheme="content" />
92-->src/main/AndroidManifest.xml:62:17-61
93            </intent-filter>
94            <intent-filter>
94-->src/main/AndroidManifest.xml:70:13-80:29
95                <action android:name="android.intent.action.VIEW" />
95-->src/main/AndroidManifest.xml:57:17-69
95-->src/main/AndroidManifest.xml:57:25-66
96
97                <category android:name="android.intent.category.DEFAULT" />
97-->src/main/AndroidManifest.xml:59:17-76
97-->src/main/AndroidManifest.xml:59:27-73
98                <category android:name="android.intent.category.BROWSABLE" />
98-->src/main/AndroidManifest.xml:60:17-78
98-->src/main/AndroidManifest.xml:60:27-75
99
100                <data android:mimeType="text/vnd.sun.j2me.app-descriptor" />
100-->src/main/AndroidManifest.xml:62:17-61
100-->src/main/AndroidManifest.xml:62:23-58
101                <data android:host="*" />
101-->src/main/AndroidManifest.xml:62:17-61
102                <data android:scheme="http" />
102-->src/main/AndroidManifest.xml:62:17-61
103                <data android:scheme="https" />
103-->src/main/AndroidManifest.xml:62:17-61
104            </intent-filter>
105            <intent-filter>
105-->src/main/AndroidManifest.xml:81:13-115:29
106                <action android:name="android.intent.action.VIEW" />
106-->src/main/AndroidManifest.xml:57:17-69
106-->src/main/AndroidManifest.xml:57:25-66
107
108                <category android:name="android.intent.category.DEFAULT" />
108-->src/main/AndroidManifest.xml:59:17-76
108-->src/main/AndroidManifest.xml:59:27-73
109                <category android:name="android.intent.category.BROWSABLE" />
109-->src/main/AndroidManifest.xml:60:17-78
109-->src/main/AndroidManifest.xml:60:27-75
110
111                <data android:mimeType="*/*" />
111-->src/main/AndroidManifest.xml:62:17-61
111-->src/main/AndroidManifest.xml:62:23-58
112                <data android:host="*" />
112-->src/main/AndroidManifest.xml:62:17-61
113                <data android:scheme="file" />
113-->src/main/AndroidManifest.xml:62:17-61
114                <data android:scheme="content" />
114-->src/main/AndroidManifest.xml:62:17-61
115                <data android:pathPattern=".*.jar" />
115-->src/main/AndroidManifest.xml:62:17-61
116                <data android:pathPattern=".*..*.jar" />
116-->src/main/AndroidManifest.xml:62:17-61
117                <data android:pathPattern=".*..*..*.jar" />
117-->src/main/AndroidManifest.xml:62:17-61
118                <data android:pathPattern=".*..*..*..*.jar" />
118-->src/main/AndroidManifest.xml:62:17-61
119                <data android:pathPattern=".*.JAR" />
119-->src/main/AndroidManifest.xml:62:17-61
120                <data android:pathPattern=".*..*.JAR" />
120-->src/main/AndroidManifest.xml:62:17-61
121                <data android:pathPattern=".*..*..*.JAR" />
121-->src/main/AndroidManifest.xml:62:17-61
122                <data android:pathPattern=".*..*..*..*.JAR" />
122-->src/main/AndroidManifest.xml:62:17-61
123                <data android:pathPattern=".*.jad" />
123-->src/main/AndroidManifest.xml:62:17-61
124                <data android:pathPattern=".*..*.jad" />
124-->src/main/AndroidManifest.xml:62:17-61
125                <data android:pathPattern=".*..*..*.jad" />
125-->src/main/AndroidManifest.xml:62:17-61
126                <data android:pathPattern=".*..*..*..*.jad" />
126-->src/main/AndroidManifest.xml:62:17-61
127                <data android:pathPattern=".*.JAD" />
127-->src/main/AndroidManifest.xml:62:17-61
128                <data android:pathPattern=".*..*.JAD" />
128-->src/main/AndroidManifest.xml:62:17-61
129                <data android:pathPattern=".*..*..*.JAD" />
129-->src/main/AndroidManifest.xml:62:17-61
130                <data android:pathPattern=".*..*..*..*.JAD" />
130-->src/main/AndroidManifest.xml:62:17-61
131                <data android:pathPattern=".*.kjx" />
131-->src/main/AndroidManifest.xml:62:17-61
132                <data android:pathPattern=".*..*.kjx" />
132-->src/main/AndroidManifest.xml:62:17-61
133                <data android:pathPattern=".*..*..*.kjx" />
133-->src/main/AndroidManifest.xml:62:17-61
134                <data android:pathPattern=".*..*..*..*.kjx" />
134-->src/main/AndroidManifest.xml:62:17-61
135                <data android:pathPattern=".*.KJX" />
135-->src/main/AndroidManifest.xml:62:17-61
136                <data android:pathPattern=".*..*.KJX" />
136-->src/main/AndroidManifest.xml:62:17-61
137                <data android:pathPattern=".*..*..*.KJX" />
137-->src/main/AndroidManifest.xml:62:17-61
138                <data android:pathPattern=".*..*..*..*.KJX" />
138-->src/main/AndroidManifest.xml:62:17-61
139            </intent-filter>
140        </activity>
141        <activity
141-->src/main/AndroidManifest.xml:117:9-120:57
142            android:name="com.nsomatrix.neutron.config.ConfigActivity"
142-->src/main/AndroidManifest.xml:118:13-50
143            android:exported="true"
143-->src/main/AndroidManifest.xml:119:13-36
144            android:windowSoftInputMode="stateHidden" />
144-->src/main/AndroidManifest.xml:120:13-54
145        <activity
145-->src/main/AndroidManifest.xml:127:9-134:20
146            android:name="com.nsomatrix.neutron.settings.SettingsActivity"
146-->src/main/AndroidManifest.xml:127:19-60
147            android:exported="false" >
147-->src/main/AndroidManifest.xml:128:13-37
148            <intent-filter>
148-->src/main/AndroidManifest.xml:129:13-133:29
149                <action android:name="android.intent.action.APPLICATION_PREFERENCES" />
149-->src/main/AndroidManifest.xml:130:17-88
149-->src/main/AndroidManifest.xml:130:25-85
150
151                <category android:name="android.intent.category.DEFAULT" />
151-->src/main/AndroidManifest.xml:59:17-76
151-->src/main/AndroidManifest.xml:59:27-73
152            </intent-filter>
153        </activity>
154        <activity
154-->src/main/AndroidManifest.xml:135:9-89
155            android:name="com.nsomatrix.neutron.settings.KeyMapperActivity"
155-->src/main/AndroidManifest.xml:135:19-61
156            android:exported="false" />
156-->src/main/AndroidManifest.xml:135:62-86
157        <activity
157-->src/main/AndroidManifest.xml:136:9-139:54
158            android:name="com.nsomatrix.neutron.filepicker.FilteredFilePickerActivity"
158-->src/main/AndroidManifest.xml:137:13-66
159            android:exported="false"
159-->src/main/AndroidManifest.xml:138:13-37
160            android:theme="@style/FilePickerTheme" />
160-->src/main/AndroidManifest.xml:139:13-51
161        <activity
161-->src/main/AndroidManifest.xml:140:9-86
162            android:name="com.nsomatrix.neutron.config.ProfilesActivity"
162-->src/main/AndroidManifest.xml:140:19-58
163            android:exported="false" />
163-->src/main/AndroidManifest.xml:140:59-83
164
165        <provider
166            android:name="androidx.core.content.FileProvider"
167            android:authorities="com.nsomatrix.neutron.debug.provider"
168            android:exported="false"
169            android:grantUriPermissions="true" >
170            <meta-data
171                android:name="android.support.FILE_PROVIDER_PATHS"
172                android:resource="@xml/nnf_provider_paths" />
173        </provider>
174        <provider
175            android:name="com.nsomatrix.neutron.storage.DocumentProvider"
176            android:authorities="com.nsomatrix.neutron.debug.documentProvider"
177            android:enabled="@bool/isAtLeastQ"
178            android:exported="true"
179            android:grantUriPermissions="true"
180            android:permission="android.permission.MANAGE_DOCUMENTS" >
181            <intent-filter>
182                <action android:name="android.content.action.DOCUMENTS_PROVIDER" />
183            </intent-filter>
184        </provider>
185
186        <receiver
186-->src/main/AndroidManifest.xml:162:9-164:41
187            android:name="com.nokia.mid.ui.NotificationBroadcastReceiver"
187-->src/main/AndroidManifest.xml:163:13-74
188            android:process=":midlet" />
188-->src/main/AndroidManifest.xml:164:13-38
189
190        <service
190-->[androidx.room:room-runtime:2.5.2] AndroidManifest.xml:24:9-28:63
191            android:name="androidx.room.MultiInstanceInvalidationService"
191-->[androidx.room:room-runtime:2.5.2] AndroidManifest.xml:25:13-74
192            android:directBootAware="true"
192-->[androidx.room:room-runtime:2.5.2] AndroidManifest.xml:26:13-43
193            android:exported="false" />
193-->[androidx.room:room-runtime:2.5.2] AndroidManifest.xml:27:13-37
194        <service
194-->[androidx.camera:camera-camera2:1.3.0-beta01] AndroidManifest.xml:24:9-33:19
195            android:name="androidx.camera.core.impl.MetadataHolderService"
195-->[androidx.camera:camera-camera2:1.3.0-beta01] AndroidManifest.xml:25:13-75
196            android:enabled="false"
196-->[androidx.camera:camera-camera2:1.3.0-beta01] AndroidManifest.xml:26:13-36
197            android:exported="false" >
197-->[androidx.camera:camera-camera2:1.3.0-beta01] AndroidManifest.xml:27:13-37
198            <meta-data
198-->[androidx.camera:camera-camera2:1.3.0-beta01] AndroidManifest.xml:30:13-32:89
199                android:name="androidx.camera.core.impl.MetadataHolderService.DEFAULT_CONFIG_PROVIDER"
199-->[androidx.camera:camera-camera2:1.3.0-beta01] AndroidManifest.xml:31:17-103
200                android:value="androidx.camera.camera2.Camera2Config$DefaultProvider" />
200-->[androidx.camera:camera-camera2:1.3.0-beta01] AndroidManifest.xml:32:17-86
201        </service>
202
203        <activity
203-->[ch.acra:acra-dialog:5.9.3] AndroidManifest.xml:25:9-31:59
204            android:name="org.acra.dialog.CrashReportDialog"
204-->[ch.acra:acra-dialog:5.9.3] AndroidManifest.xml:26:13-61
205            android:excludeFromRecents="true"
205-->[ch.acra:acra-dialog:5.9.3] AndroidManifest.xml:27:13-46
206            android:finishOnTaskLaunch="true"
206-->[ch.acra:acra-dialog:5.9.3] AndroidManifest.xml:28:13-46
207            android:launchMode="singleInstance"
207-->[ch.acra:acra-dialog:5.9.3] AndroidManifest.xml:29:13-48
208            android:process=":acra"
208-->[ch.acra:acra-dialog:5.9.3] AndroidManifest.xml:30:13-36
209            android:theme="@android:style/Theme.Dialog" />
209-->[ch.acra:acra-dialog:5.9.3] AndroidManifest.xml:31:13-56
210
211        <service
211-->[ch.acra:acra-core:5.9.3] AndroidManifest.xml:26:9-30:39
212            android:name="org.acra.sender.LegacySenderService"
212-->[ch.acra:acra-core:5.9.3] AndroidManifest.xml:27:13-63
213            android:enabled="@bool/acra_enable_legacy_service"
213-->[ch.acra:acra-core:5.9.3] AndroidManifest.xml:28:13-63
214            android:exported="false"
214-->[ch.acra:acra-core:5.9.3] AndroidManifest.xml:29:13-37
215            android:process=":acra" />
215-->[ch.acra:acra-core:5.9.3] AndroidManifest.xml:30:13-36
216        <service
216-->[ch.acra:acra-core:5.9.3] AndroidManifest.xml:31:9-36:39
217            android:name="org.acra.sender.JobSenderService"
217-->[ch.acra:acra-core:5.9.3] AndroidManifest.xml:32:13-60
218            android:enabled="@bool/acra_enable_job_service"
218-->[ch.acra:acra-core:5.9.3] AndroidManifest.xml:33:13-60
219            android:exported="false"
219-->[ch.acra:acra-core:5.9.3] AndroidManifest.xml:34:13-37
220            android:permission="android.permission.BIND_JOB_SERVICE"
220-->[ch.acra:acra-core:5.9.3] AndroidManifest.xml:35:13-69
221            android:process=":acra" />
221-->[ch.acra:acra-core:5.9.3] AndroidManifest.xml:36:13-36
222
223        <provider
223-->[ch.acra:acra-core:5.9.3] AndroidManifest.xml:38:9-44:51
224            android:name="org.acra.attachment.AcraContentProvider"
224-->[ch.acra:acra-core:5.9.3] AndroidManifest.xml:39:13-67
225            android:authorities="com.nsomatrix.neutron.debug.acra"
225-->[ch.acra:acra-core:5.9.3] AndroidManifest.xml:40:13-56
226            android:exported="false"
226-->[ch.acra:acra-core:5.9.3] AndroidManifest.xml:41:13-37
227            android:grantUriPermissions="true"
227-->[ch.acra:acra-core:5.9.3] AndroidManifest.xml:42:13-47
228            android:process=":acra" />
228-->[ch.acra:acra-core:5.9.3] AndroidManifest.xml:43:13-36
229
230        <uses-library
230-->[androidx.window:window:1.0.0] AndroidManifest.xml:25:9-27:40
231            android:name="androidx.window.extensions"
231-->[androidx.window:window:1.0.0] AndroidManifest.xml:26:13-54
232            android:required="false" />
232-->[androidx.window:window:1.0.0] AndroidManifest.xml:27:13-37
233        <uses-library
233-->[androidx.window:window:1.0.0] AndroidManifest.xml:28:9-30:40
234            android:name="androidx.window.sidecar"
234-->[androidx.window:window:1.0.0] AndroidManifest.xml:29:13-51
235            android:required="false" />
235-->[androidx.window:window:1.0.0] AndroidManifest.xml:30:13-37
236
237        <provider
237-->[androidx.emoji2:emoji2:1.2.0] AndroidManifest.xml:24:9-32:20
238            android:name="androidx.startup.InitializationProvider"
238-->[androidx.emoji2:emoji2:1.2.0] AndroidManifest.xml:25:13-67
239            android:authorities="com.nsomatrix.neutron.debug.androidx-startup"
239-->[androidx.emoji2:emoji2:1.2.0] AndroidManifest.xml:26:13-68
240            android:exported="false" >
240-->[androidx.emoji2:emoji2:1.2.0] AndroidManifest.xml:27:13-37
241            <meta-data
241-->[androidx.emoji2:emoji2:1.2.0] AndroidManifest.xml:29:13-31:52
242                android:name="androidx.emoji2.text.EmojiCompatInitializer"
242-->[androidx.emoji2:emoji2:1.2.0] AndroidManifest.xml:30:17-75
243                android:value="androidx.startup" />
243-->[androidx.emoji2:emoji2:1.2.0] AndroidManifest.xml:31:17-49
244            <meta-data
244-->[androidx.lifecycle:lifecycle-process:2.4.1] AndroidManifest.xml:31:13-33:52
245                android:name="androidx.lifecycle.ProcessLifecycleInitializer"
245-->[androidx.lifecycle:lifecycle-process:2.4.1] AndroidManifest.xml:32:17-78
246                android:value="androidx.startup" />
246-->[androidx.lifecycle:lifecycle-process:2.4.1] AndroidManifest.xml:33:17-49
247        </provider>
248    </application>
249
250</manifest>